============================= test session starts ==============================
platform linux -- Python 3.11.5, pytest-8.4.2, pluggy-1.6.0 -- /home/admin-jairo/MeStore/.venv/bin/python
cachedir: .pytest_cache
rootdir: /home/admin-jairo/MeStore
configfile: pytest.ini
plugins: asyncio-1.2.0, anyio-4.10.0, base-url-2.1.0, playwright-0.7.1, cov-7.0.0
asyncio: mode=Mode.AUTO, debug=False, asyncio_default_fixture_loop_scope=None, asyncio_default_test_loop_scope=function
collecting ... collected 762 items

tests/api/test_admin_auth_integration_fixed.py::TestAdminAuthIntegrationFixed::test_jwt_token_validation_integration PASSED [  0%]
tests/api/test_admin_auth_integration_fixed.py::TestAdminAuthIntegrationFixed::test_redis_session_simulation PASSED [  0%]
tests/api/test_admin_auth_integration_fixed.py::TestAdminAuthIntegrationFixed::test_rate_limiting_simulation PASSED [  0%]
tests/api/test_admin_auth_integration_fixed.py::TestAdminAuthIntegrationFixed::test_account_lockout_simulation PASSED [  0%]
tests/api/test_admin_auth_integration_fixed.py::TestAdminAuthIntegrationFixed::test_token_refresh_mechanism PASSED [  0%]
tests/api/test_admin_auth_integration_fixed.py::TestAdminAuthIntegrationFixed::test_mfa_token_simulation PASSED [  0%]
tests/api/test_admin_auth_integration_fixed.py::TestAdminAuthIntegrationFixed::test_concurrent_sessions_simulation PASSED [  0%]
tests/api/test_admin_auth_integration_fixed.py::TestAdminAuthIntegrationFixed::test_security_event_logging_simulation PASSED [  1%]
tests/api/test_admin_auth_integration_fixed.py::TestAdminAuthIntegrationFixed::test_performance_metrics PASSED [  1%]
tests/api/test_admin_auth_integration_fixed.py::TestAdminAuthIntegrationFixed::test_integration_workflow_simulation PASSED [  1%]
tests/api/test_admin_orders_endpoints.py::test_get_all_orders_requires_superuser PASSED [  1%]
tests/api/test_admin_orders_endpoints.py::test_get_all_orders_success PASSED [  1%]
tests/api/test_admin_orders_endpoints.py::test_get_all_orders_with_filters PASSED [  1%]
tests/api/test_admin_orders_endpoints.py::test_get_order_detail_success PASSED [  1%]
tests/api/test_admin_orders_endpoints.py::test_get_order_detail_not_found PASSED [  1%]
tests/api/test_admin_orders_endpoints.py::test_update_order_status_success PASSED [  2%]
tests/api/test_admin_orders_endpoints.py::test_update_order_status_invalid_status PASSED [  2%]
tests/api/test_admin_orders_endpoints.py::test_cancel_order_success PASSED [  2%]
tests/api/test_admin_orders_endpoints.py::test_get_order_stats_success PASSED [  2%]
tests/api/test_admin_orders_endpoints.py::test_admin_orders_pagination PASSED [  2%]
tests/api/test_admin_orders_endpoints.py::test_admin_orders_search PASSED [  2%]
tests/api/test_admin_vendor_management.py::TestGetPendingSellers::test_get_pending_sellers_success PASSED [  2%]
tests/api/test_admin_vendor_management.py::TestGetPendingSellers::test_get_pending_sellers_forbidden_regular_user PASSED [  3%]
tests/api/test_admin_vendor_management.py::TestGetPendingSellers::test_get_pending_sellers_unauthorized PASSED [  3%]
tests/api/test_admin_vendor_management.py::TestGetPendingSellers::test_get_pending_sellers_empty_list PASSED [  3%]
tests/api/test_admin_vendor_management.py::TestApproveSeller::test_approve_seller_success PASSED [  3%]
tests/api/test_admin_vendor_management.py::TestApproveSeller::test_approve_seller_forbidden_regular_user PASSED [  3%]
tests/api/test_admin_vendor_management.py::TestApproveSeller::test_approve_seller_not_found PASSED [  3%]
tests/api/test_admin_vendor_management.py::TestApproveSeller::test_approve_non_vendor_user PASSED [  3%]
tests/api/test_admin_vendor_management.py::TestApproveSeller::test_approve_already_approved_vendor PASSED [  3%]
tests/api/test_admin_vendor_management.py::TestRejectSeller::test_reject_seller_success PASSED [  4%]
tests/api/test_admin_vendor_management.py::TestRejectSeller::test_reject_seller_reason_too_short PASSED [  4%]
tests/api/test_admin_vendor_management.py::TestRejectSeller::test_reject_seller_reason_missing PASSED [  4%]
tests/api/test_admin_vendor_management.py::TestRejectSeller::test_reject_seller_reason_whitespace_only PASSED [  4%]
tests/api/test_admin_vendor_management.py::TestRejectSeller::test_reject_seller_forbidden_regular_user PASSED [  4%]
tests/api/test_admin_vendor_management.py::TestRejectSeller::test_reject_seller_not_found PASSED [  4%]
tests/api/test_admin_vendor_management.py::TestRejectSeller::test_reject_non_vendor_user PASSED [  4%]
tests/api/test_admin_vendor_management.py::TestVendorApprovalFlow::test_complete_approval_workflow PASSED [  4%]
tests/api/test_admin_vendor_management.py::TestVendorApprovalFlow::test_complete_rejection_workflow PASSED [  5%]
tests/api/test_admin_vendor_management.py::TestSecurityAspects::test_cannot_approve_own_vendor_account PASSED [  5%]
tests/api/test_admin_vendor_management.py::TestSecurityAspects::test_sql_injection_protection PASSED [  5%]
tests/api/test_admin_vendor_management.py::TestSecurityAspects::test_xss_protection_in_rejection_reason PASSED [  5%]
tests/api/test_admin_vendor_management.py::TestSecurityAspects::test_html_entities_escaped_in_email PASSED [  5%]
tests/api/test_api_embeddings.py::TestAddItemsEndpoint::test_add_items_success PASSED [  5%]
tests/api/test_api_embeddings.py::TestAddItemsEndpoint::test_add_items_without_metadata PASSED [  5%]
tests/api/test_api_embeddings.py::TestAddItemsEndpoint::test_add_items_length_mismatch_ids_texts PASSED [  6%]
tests/api/test_api_embeddings.py::TestAddItemsEndpoint::test_add_items_length_mismatch_metadatas PASSED [  6%]
tests/api/test_api_embeddings.py::TestAddItemsEndpoint::test_add_items_service_error PASSED [  6%]
tests/api/test_api_embeddings.py::TestAddItemsEndpoint::test_add_items_schema_validation PASSED [  6%]
tests/api/test_api_embeddings.py::TestQuerySimilarEndpoint::test_query_similar_success PASSED [  6%]
tests/api/test_api_embeddings.py::TestQuerySimilarEndpoint::test_query_similar_without_filters PASSED [  6%]
tests/api/test_api_embeddings.py::TestQuerySimilarEndpoint::test_query_similar_empty_results PASSED [  6%]
tests/api/test_api_embeddings.py::TestQuerySimilarEndpoint::test_query_similar_validation_n_results PASSED [  6%]
tests/api/test_api_embeddings.py::TestQuerySimilarEndpoint::test_query_similar_validation_empty_text PASSED [  7%]
tests/api/test_api_embeddings.py::TestQuerySimilarEndpoint::test_query_similar_service_error PASSED [  7%]
tests/api/test_api_embeddings.py::TestUpdateItemEndpoint::test_update_item_success PASSED [  7%]
tests/api/test_api_embeddings.py::TestUpdateItemEndpoint::test_update_item_only_text PASSED [  7%]
tests/api/test_api_embeddings.py::TestUpdateItemEndpoint::test_update_item_only_metadata PASSED [  7%]
tests/api/test_api_embeddings.py::TestUpdateItemEndpoint::test_update_item_service_error PASSED [  7%]
tests/api/test_api_embeddings.py::TestDeleteItemsEndpoint::test_delete_items_success PASSED [  7%]
tests/api/test_api_embeddings.py::TestDeleteItemsEndpoint::test_delete_items_single PASSED [  8%]
tests/api/test_api_embeddings.py::TestDeleteItemsEndpoint::test_delete_items_service_error PASSED [  8%]
tests/api/test_api_embeddings.py::TestCollectionStatsEndpoint::test_get_collection_stats_success PASSED [  8%]
tests/api/test_api_embeddings.py::TestCollectionStatsEndpoint::test_get_collection_stats_service_error PASSED [  8%]
tests/api/test_api_embeddings.py::TestListCollectionsEndpoint::test_list_collections_success PASSED [  8%]
tests/api/test_api_embeddings.py::TestListCollectionsEndpoint::test_list_collections_error PASSED [  8%]
tests/api/test_api_embeddings.py::TestEdgeCasesAndRobustness::test_unicode_handling PASSED [  8%]
tests/api/test_api_embeddings.py::TestEdgeCasesAndRobustness::test_large_text_content PASSED [  8%]
tests/api/test_api_embeddings.py::TestEdgeCasesAndRobustness::test_special_collection_names PASSED [  9%]
tests/api/test_api_embeddings.py::TestEdgeCasesAndRobustness::test_malformed_json PASSED [  9%]
tests/api/test_api_embeddings.py::TestSchemaValidation::test_add_items_request_validation PASSED [  9%]
tests/api/test_api_embeddings.py::TestSchemaValidation::test_query_request_validation PASSED [  9%]
tests/api/test_api_embeddings.py::TestSchemaValidation::test_update_item_request_validation PASSED [  9%]
tests/api/test_api_embeddings.py::test_api_module_imports PASSED         [  9%]
tests/api/test_api_id_consistency.py::TestIDValidationUtilities::test_is_valid_uuid_string PASSED [  9%]
tests/api/test_api_id_consistency.py::TestIDValidationUtilities::test_validate_uuid_string PASSED [  9%]
tests/api/test_api_id_consistency.py::TestIDValidationUtilities::test_validate_optional_uuid_string PASSED [ 10%]
tests/api/test_api_id_consistency.py::TestIDValidationUtilities::test_fast_id_validator PASSED [ 10%]
tests/api/test_api_id_consistency.py::TestIDValidationUtilities::test_normalize_uuid_string PASSED [ 10%]
tests/api/test_api_id_consistency.py::TestIDValidationUtilities::test_convert_to_uuid_object PASSED [ 10%]
tests/api/test_api_id_consistency.py::TestAPIEndpointIDConsistency::test_product_endpoints_id_validation PASSED [ 10%]
tests/api/test_api_id_consistency.py::TestAPIEndpointIDConsistency::test_order_endpoints_id_validation PASSED [ 10%]
tests/api/test_api_id_consistency.py::TestAPIEndpointIDConsistency::test_commission_endpoints_id_validation PASSED [ 10%]
tests/api/test_api_id_consistency.py::TestAPIEndpointIDConsistency::test_user_endpoints_id_validation PASSED [ 11%]
tests/api/test_api_id_consistency.py::TestAPIEndpointIDConsistency::test_path_parameter_regex_validation PASSED [ 11%]
tests/api/test_api_id_consistency.py::TestSchemaIDValidation::test_base_id_schema_validation PASSED [ 11%]
tests/api/test_api_id_consistency.py::TestSchemaIDValidation::test_user_schema_id_validation PASSED [ 11%]
tests/api/test_api_id_consistency.py::TestSchemaIDValidation::test_order_schema_id_validation PASSED [ 11%]
tests/api/test_api_id_consistency.py::TestErrorResponseConsistency::test_validation_error_format PASSED [ 11%]
tests/api/test_api_id_consistency.py::TestErrorResponseConsistency::test_not_found_error_format PASSED [ 11%]
tests/api/test_api_id_consistency.py::TestPerformanceAndCaching::test_fast_validator_performance PASSED [ 11%]
tests/api/test_api_id_consistency.py::TestPerformanceAndCaching::test_uuid_normalization_consistency PASSED [ 12%]
tests/api/test_comisiones.py::test_get_comisiones_endpoint PASSED        [ 12%]
tests/api/test_comisiones.py::test_solicitar_pago_comisiones_sin_auth PASSED [ 12%]
tests/api/test_comisiones.py::test_solicitar_pago_datos_invalidos PASSED [ 12%]
tests/api/test_comisiones.py::test_endpoint_structure PASSED             [ 12%]
tests/api/test_comisiones_detalle.py::test_get_comision_detalle_not_found PASSED [ 12%]
tests/api/test_comisiones_detalle.py::test_get_comision_detalle_invalid_uuid PASSED [ 12%]
tests/api/test_comisiones_dispute.py::test_reportar_disputa_sin_auth PASSED [ 12%]
tests/api/test_comisiones_dispute.py::test_reportar_disputa_transaction_not_found PASSED [ 13%]
tests/api/test_comisiones_dispute.py::test_reportar_disputa_invalid_data PASSED [ 13%]
tests/api/test_comisiones_dispute.py::test_reportar_disputa_schema_validation PASSED [ 13%]
tests/api/test_critical_endpoints_mvp.py::TestAuthenticationEndpoints::test_login_success PASSED [ 13%]
tests/api/test_critical_endpoints_mvp.py::TestAuthenticationEndpoints::test_login_invalid_credentials PASSED [ 13%]
tests/api/test_critical_endpoints_mvp.py::TestAuthenticationEndpoints::test_register_success PASSED [ 13%]
tests/api/test_critical_endpoints_mvp.py::TestAuthenticationEndpoints::test_register_duplicate_email PASSED [ 13%]
tests/api/test_critical_endpoints_mvp.py::TestAuthenticationEndpoints::test_refresh_token_success PASSED [ 14%]
tests/api/test_critical_endpoints_mvp.py::TestAuthenticationEndpoints::test_logout_success PASSED [ 14%]
tests/api/test_critical_endpoints_mvp.py::TestPaymentEndpoints::test_get_payment_methods_success PASSED [ 14%]
tests/api/test_critical_endpoints_mvp.py::TestPaymentEndpoints::test_create_payment_intent_invalid_amount PASSED [ 14%]
tests/api/test_critical_endpoints_mvp.py::TestPaymentEndpoints::test_confirm_payment_success PASSED [ 14%]
tests/api/test_critical_endpoints_mvp.py::TestPaymentEndpoints::test_get_payment_status_success PASSED [ 14%]
tests/api/test_critical_endpoints_mvp.py::TestPaymentEndpoints::test_webhook_payment_success PASSED [ 14%]
tests/api/test_critical_endpoints_mvp.py::TestVendorEndpoints::test_get_vendor_profile_success PASSED [ 14%]
tests/api/test_critical_endpoints_mvp.py::TestVendorEndpoints::test_get_vendor_analytics_success PASSED [ 15%]
tests/api/test_critical_endpoints_mvp.py::TestVendorEndpoints::test_get_vendor_products_success PASSED [ 15%]
tests/api/test_critical_endpoints_mvp.py::TestVendorEndpoints::test_create_vendor_product_success PASSED [ 15%]
tests/api/test_critical_endpoints_mvp.py::TestVendorEndpoints::test_unauthorized_access PASSED [ 15%]
tests/api/test_critical_endpoints_mvp.py::TestErrorHandling::test_validation_errors PASSED [ 15%]
tests/api/test_critical_endpoints_mvp.py::TestErrorHandling::test_database_errors PASSED [ 15%]
tests/api/test_critical_endpoints_mvp.py::TestErrorHandling::test_rate_limiting PASSED [ 15%]
tests/api/test_critical_endpoints_mvp.py::TestMVPEndpointIntegration::test_complete_checkout_flow PASSED [ 16%]
tests/api/test_critical_endpoints_mvp.py::TestMVPEndpointIntegration::test_vendor_registration_to_analytics_flow PASSED [ 16%]
tests/api/test_health.py::test_health_endpoint PASSED                    [ 16%]
tests/api/test_health.py::test_health_simple PASSED                      [ 16%]
tests/api/test_health.py::test_health_full_v1_endpoint PASSED            [ 16%]
tests/api/test_health.py::test_health_v1_basic PASSED                    [ 16%]
tests/api/test_health.py::test_available_health_endpoints PASSED         [ 16%]
tests/api/test_health.py::test_health_response_structure PASSED          [ 16%]
tests/api/test_incidentes.py::test_incidente_modelo_existe PASSED        [ 17%]
tests/api/test_incidentes.py::test_tipo_incidente_enum PASSED            [ 17%]
tests/api/test_incidentes.py::test_estado_incidente_enum PASSED          [ 17%]
tests/api/test_incidentes.py::test_incidente_schemas_exist PASSED        [ 17%]
tests/api/test_incidentes.py::test_incidente_relationship PASSED         [ 17%]
tests/api/test_incidentes.py::test_incidente_model_construction PASSED   [ 17%]
tests/api/test_incidentes.py::test_endpoints_imports PASSED              [ 17%]
tests/api/test_incidentes.py::test_tipos_disponibles PASSED              [ 17%]
tests/api/test_incidentes.py::test_estados_workflow PASSED               [ 18%]
tests/api/test_inventory.py::test_get_inventario_endpoint_exists PASSED  [ 18%]
tests/api/test_inventory.py::test_get_inventario_endpoint_signature PASSED [ 18%]
tests/api/test_inventory.py::test_inventory_response_schema_exists PASSED [ 18%]
tests/api/test_inventory.py::test_inventory_router_registration PASSED   [ 18%]
tests/api/test_inventory.py::test_endpoint_parameters_types PASSED       [ 18%]
tests/api/test_inventory.py::test_registrar_movimiento_endpoint PASSED   [ 18%]
tests/api/test_inventory.py::test_movimiento_schemas PASSED              [ 19%]
tests/api/test_inventory.py::test_tipos_movimiento_disponibles PASSED    [ 19%]
tests/api/test_inventory.py::test_movimiento_endpoint_integration PASSED [ 19%]
tests/api/test_inventory_alertas.py::test_get_alertas_endpoint_exists PASSED [ 19%]
tests/api/test_inventory_alertas.py::test_alertas_schemas_exist PASSED   [ 19%]
tests/api/test_inventory_alertas.py::test_tipo_alerta_enum PASSED        [ 19%]
tests/api/test_inventory_alertas.py::test_import_compatibility PASSED    [ 19%]
tests/api/test_inventory_reserva.py::test_reservar_stock_endpoint_exists PASSED [ 19%]
tests/api/test_inventory_reserva.py::test_reserva_schemas_exist PASSED   [ 20%]
tests/api/test_inventory_reserva_final.py::test_reservar_stock_endpoint_structure PASSED [ 20%]
tests/api/test_inventory_reserva_final.py::test_schemas_integration PASSED [ 20%]
tests/api/test_inventory_ubicacion_put.py::test_cambiar_ubicacion_endpoint_exists PASSED [ 20%]
tests/api/test_inventory_ubicacion_put.py::test_imports_integrityerror PASSED [ 20%]
tests/api/test_inventory_ubicaciones.py::test_get_ubicaciones_endpoint_exists PASSED [ 20%]
tests/api/test_inventory_ubicaciones.py::test_get_ubicaciones_has_correct_parameters PASSED [ 20%]
tests/api/test_inventory_ubicaciones.py::test_get_ubicaciones_return_annotation PASSED [ 20%]
tests/api/test_orders_buyer.py::test_get_order_tracking_unauthorized PASSED [ 21%]
tests/api/test_orders_buyer.py::test_get_order_tracking_not_found PASSED [ 21%]
tests/api/test_orders_buyer.py::test_get_order_tracking_forbidden_not_owner PASSED [ 21%]
tests/api/test_orders_buyer.py::test_get_order_tracking_success PASSED   [ 21%]
tests/api/test_orders_buyer.py::test_cancel_order_unauthorized PASSED    [ 21%]
tests/api/test_orders_buyer.py::test_cancel_order_not_found PASSED       [ 21%]
tests/api/test_orders_buyer.py::test_cancel_order_forbidden_not_owner PASSED [ 21%]
tests/api/test_orders_buyer.py::test_cancel_order_invalid_status_already_shipped PASSED [ 22%]
tests/api/test_orders_buyer.py::test_cancel_order_invalid_status_already_cancelled PASSED [ 22%]
tests/api/test_orders_buyer.py::test_cancel_order_success_pending_status PASSED [ 22%]
tests/api/test_orders_buyer.py::test_cancel_order_success_processing_status PASSED [ 22%]
tests/api/test_orders_buyer.py::test_cancel_order_missing_reason PASSED  [ 22%]
tests/api/test_pagos_historial.py::test_get_historial_pagos_basic PASSED [ 22%]
tests/api/test_perfil_bancarios.py::test_update_datos_bancarios_sin_auth PASSED [ 22%]
tests/api/test_perfil_bancarios.py::test_update_datos_bancarios_payload_valido PASSED [ 22%]
tests/api/test_perfil_bancarios.py::test_update_datos_bancarios_payload_invalido PASSED [ 23%]
tests/api/test_productos_upload.py::TestProductosUploadValidation::test_upload_formato_jpeg_valido PASSED [ 23%]
tests/api/test_productos_upload.py::TestProductosUploadValidation::test_upload_formato_no_permitido PASSED [ 23%]
tests/api/test_productos_upload.py::TestProductosUploadValidation::test_upload_archivo_muy_grande PASSED [ 23%]
tests/api/test_products_bulk_endpoints.py::TestBulkEndpointsBasic::test_bulk_delete_endpoint_exists PASSED [ 23%]
tests/api/test_products_bulk_endpoints.py::TestBulkEndpointsBasic::test_bulk_status_endpoint_exists PASSED [ 23%]
tests/api/test_products_bulk_endpoints.py::TestBulkEndpointsWithAuth::test_bulk_delete_with_auth_empty_list_validation PASSED [ 23%]
tests/api/test_products_bulk_endpoints.py::TestBulkEndpointsWithAuth::test_bulk_delete_with_auth_valid_request PASSED [ 24%]
tests/api/test_products_bulk_endpoints.py::TestBulkEndpointsWithAuth::test_bulk_status_with_auth_invalid_status PASSED [ 24%]
tests/api/test_products_bulk_endpoints.py::TestBulkEndpointsWithAuth::test_bulk_status_with_auth_valid_request PASSED [ 24%]
tests/api/test_products_bulk_endpoints.py::TestBulkModuleIntegration::test_bulk_module_imports PASSED [ 24%]
tests/api/test_products_bulk_endpoints.py::TestBulkModuleIntegration::test_bulk_schemas_importable PASSED [ 24%]
tests/api/test_products_bulk_endpoints.py::TestBulkModuleIntegration::test_endpoints_registered_in_router PASSED [ 24%]
tests/api/test_products_bulk_endpoints.py::TestBulkValidationDetails::test_bulk_delete_validation_scenarios PASSED [ 24%]
tests/api/test_products_bulk_endpoints.py::TestBulkValidationDetails::test_bulk_status_validation_scenarios PASSED [ 24%]
tests/api/test_shipping_endpoints.py::test_generate_tracking_number PASSED [ 25%]
tests/api/test_shipping_endpoints.py::test_assign_shipping_success PASSED [ 25%]
tests/api/test_shipping_endpoints.py::test_assign_shipping_already_assigned PASSED [ 25%]
tests/api/test_shipping_endpoints.py::test_update_shipping_location_success PASSED [ 25%]
tests/api/test_shipping_endpoints.py::test_update_shipping_delivered PASSED [ 25%]
tests/api/test_shipping_endpoints.py::test_get_shipping_tracking_authenticated PASSED [ 25%]
tests/api/test_shipping_endpoints.py::test_get_shipping_tracking_forbidden PASSED [ 25%]
tests/api/test_shipping_endpoints.py::test_track_by_tracking_number_public PASSED [ 25%]
tests/api/test_user_colombian_fields.py::test_user_creation_with_colombian_fields PASSED [ 26%]
tests/api/test_user_colombian_fields.py::test_user_creation_without_colombian_fields PASSED [ 26%]
tests/api/test_user_colombian_fields.py::test_user_to_dict_includes_colombian_fields PASSED [ 26%]
tests/api/test_user_colombian_fields.py::test_cedula_uniqueness_constraint PASSED [ 26%]
tests/api/test_user_profile_fields.py::TestUserProfileFields::test_user_model_has_empresa_direccion_fields PASSED [ 26%]
tests/api/test_user_profile_fields.py::TestUserProfileFields::test_user_schema_accepts_empresa_direccion PASSED [ 26%]
tests/api/test_user_profile_fields.py::TestUserProfileFields::test_user_create_inherits_empresa_direccion PASSED [ 26%]
tests/api/test_user_profile_fields.py::TestUserProfileFields::test_empresa_direccion_are_optional PASSED [ 27%]
tests/api/test_user_profile_fields.py::TestUserProfileFields::test_existing_fields_not_affected PASSED [ 27%]
tests/api/test_user_roles_verification.py::TestUserRolesVerification::test_buyer_registration_via_api PASSED [ 27%]
tests/api/test_user_roles_verification.py::TestUserRolesVerification::test_vendor_registration_via_api PASSED [ 27%]
tests/api/test_user_roles_verification.py::TestUserRolesVerification::test_duplicate_registration_error PASSED [ 27%]
tests/api/test_user_roles_verification.py::TestUserRolesVerification::test_buyer_login_and_access PASSED [ 27%]
tests/api/test_user_roles_verification.py::TestUserRolesVerification::test_vendor_login_and_access PASSED [ 27%]
tests/api/test_user_roles_verification.py::TestUserRolesVerification::test_invalid_login_credentials PASSED [ 27%]
tests/api/test_user_roles_verification.py::TestUserRolesVerification::test_buyer_admin_access_denied PASSED [ 28%]
tests/api/test_user_roles_verification.py::TestUserRolesVerification::test_vendor_admin_access_denied PASSED [ 28%]
tests/api/test_user_roles_verification.py::TestUserRolesVerification::test_superuser_admin_access_allowed PASSED [ 28%]
tests/api/test_user_roles_verification.py::TestUserRolesVerification::test_admin_user_admin_access_allowed PASSED [ 28%]
tests/api/test_user_roles_verification.py::TestUserRolesVerification::test_user_type_persistence_in_db PASSED [ 28%]
tests/api/test_user_roles_verification.py::TestUserRolesVerification::test_comprehensive_role_verification PASSED [ 28%]
tests/api/test_user_schemas_refactored.py::TestUserUpdate::test_user_update_empty PASSED [ 28%]
tests/api/test_user_schemas_refactored.py::TestUserUpdate::test_user_update_partial_fields PASSED [ 29%]
tests/api/test_user_schemas_refactored.py::TestUserUpdate::test_user_update_all_fields PASSED [ 29%]
tests/api/test_user_schemas_refactored.py::TestValidatorsV2::test_cedula_validator_valid PASSED [ 29%]
tests/api/test_user_schemas_refactored.py::TestValidatorsV2::test_cedula_validator_invalid PASSED [ 29%]
tests/api/test_user_schemas_refactored.py::TestValidatorsV2::test_telefono_validator_valid PASSED [ 29%]
tests/api/test_user_schemas_refactored.py::TestValidatorsV2::test_telefono_validator_invalid PASSED [ 29%]
tests/api/test_user_schemas_refactored.py::TestValidatorsV2::test_password_validator_strong PASSED [ 29%]
tests/api/test_user_schemas_refactored.py::TestValidatorsV2::test_password_validator_weak PASSED [ 29%]
tests/api/test_user_schemas_refactored.py::TestUserResponseAlias::test_user_response_is_alias PASSED [ 30%]
tests/api/test_user_schemas_refactored.py::TestUserResponseAlias::test_user_response_functionality PASSED [ 30%]
tests/api/test_user_schemas_refactored.py::TestUUIDCompatibility::test_user_read_uuid_field PASSED [ 30%]
tests/api/test_user_schemas_refactored.py::TestUUIDCompatibility::test_user_read_rejects_int_id PASSED [ 30%]
tests/api/test_user_schemas_refactored.py::TestSchemaInheritance::test_user_create_inherits_userbase PASSED [ 30%]
tests/api/test_user_schemas_refactored.py::TestSchemaInheritance::test_user_read_inherits_userbase PASSED [ 30%]
tests/api/test_user_schemas_refactored.py::TestSchemaInheritance::test_user_indb_inherits_userread PASSED [ 30%]
tests/api/test_user_status_fields.py::TestUserStatusFields::test_is_verified_default_false PASSED [ 30%]
tests/api/test_user_status_fields.py::TestUserStatusFields::test_last_login_nullable PASSED [ 31%]
tests/api/test_user_status_fields.py::TestUserStatusFields::test_last_login_can_be_set PASSED [ 31%]
tests/api/test_user_status_fields.py::TestUserStatusFields::test_to_dict_includes_status_fields PASSED [ 31%]
tests/api/test_user_status_fields.py::TestUserStatusFields::test_to_dict_with_none_last_login PASSED [ 31%]
tests/api/test_user_status_fields.py::TestUserStatusFields::test_userbase_schema_includes_is_verified PASSED [ 31%]
tests/api/test_user_status_fields.py::TestUserStatusFields::test_userread_schema_includes_status_fields PASSED [ 31%]
tests/api/test_vendedor_celular_validation.py::TestVendedorCelularValidation::test_vendedor_acepta_celular_valido PASSED [ 31%]
tests/api/test_vendedor_celular_validation.py::TestVendedorCelularValidation::test_vendedor_rechaza_telefono_fijo PASSED [ 32%]
tests/api/test_vendedor_celular_validation.py::TestVendedorCelularValidation::test_user_create_acepta_fijo PASSED [ 32%]
tests/api/test_vendedor_celular_validation.py::TestVendedorCelularValidation::test_count_codigos_moviles PASSED [ 32%]
tests/api/test_vendedor_celular_validation.py::TestVendedorCelularValidation::test_diferentes_formatos_celular PASSED [ 32%]
tests/api/test_vendedor_dashboard.py::test_dashboard_resumen_requiere_auth PASSED [ 32%]
tests/api/test_vendedor_dashboard.py::test_dashboard_resumen_endpoint_disponible PASSED [ 32%]
tests/api/test_vendedor_dashboard.py::test_dashboard_resumen_estructura_response PASSED [ 32%]
tests/api/test_vendedor_dashboard.py::test_dashboard_ventas_requiere_auth PASSED [ 32%]
tests/api/test_vendedor_dashboard.py::test_dashboard_ventas_parametros_query PASSED [ 33%]
tests/api/test_vendedor_dashboard.py::test_dashboard_ventas_estructura_response PASSED [ 33%]
tests/api/test_vendedor_dashboard.py::test_dashboard_ventas_tipos_periodo PASSED [ 33%]
tests/api/test_vendedor_dashboard.py::test_dashboard_ventas_limite_parametro PASSED [ 33%]
tests/api/test_vendedor_dashboard.py::test_dashboard_comisiones_requiere_auth PASSED [ 33%]
tests/api/test_vendedor_dashboard.py::test_dashboard_comisiones_estados_filtro PASSED [ 33%]
tests/api/test_vendedor_dashboard.py::test_dashboard_comisiones_limite_parametro PASSED [ 33%]
tests/api/test_vendedor_dashboard.py::test_dashboard_productos_top_requiere_auth PASSED [ 33%]
tests/api/test_vendedor_dashboard.py::test_dashboard_productos_top_tipos_ranking PASSED [ 34%]
tests/api/test_vendedor_dashboard.py::test_dashboard_productos_top_limite_parametro PASSED [ 34%]
tests/api/test_vendedor_dashboard.py::test_dashboard_inventario_requiere_auth PASSED [ 34%]
tests/api/test_vendedor_dashboard.py::test_dashboard_inventario_estados_filtro PASSED [ 34%]
tests/api/test_vendedor_dashboard.py::test_dashboard_inventario_limite_parametro PASSED [ 34%]
tests/api/test_vendedores_login.py::TestVendedorLogin::test_login_vendedor_credenciales_invalidas_funcionando PASSED [ 34%]
tests/api/test_vendedores_login.py::TestVendedorLogin::test_login_credenciales_invalidas PASSED [ 34%]
tests/api/test_vendedores_login.py::TestVendedorLogin::test_login_usuario_no_vendedor PASSED [ 35%]
tests/api/test_vendedores_login.py::TestVendedorLogin::test_login_datos_invalidos PASSED [ 35%]
tests/api/test_vendedores_login.py::TestVendedorLogin::test_rate_limiting_login_vendedor PASSED [ 35%]
tests/api/test_vendedores_registro.py::TestVendedoresCore::test_vendedor_schema_validation PASSED [ 35%]
tests/api/test_vendedores_registro.py::TestVendedoresCore::test_vendedor_endpoint_registration PASSED [ 35%]
tests/api/test_vendedores_registro.py::TestVendedoresCore::test_vendedor_validation_errors PASSED [ 35%]
tests/api/test_vendedores_registro.py::TestVendedoresCore::test_cedula_validation_cases PASSED [ 35%]
tests/api/test_vendedores_registro.py::TestVendedoresCore::test_telefono_normalization PASSED [ 35%]
tests/api/test_vendedores_simple.py::test_vendedores_health_simple PASSED [ 36%]
tests/api/test_vendedores_simple.py::test_vendedores_schema_simple PASSED [ 36%]
tests/api/test_vendedores_simple.py::test_endpoint_registration PASSED   [ 36%]
tests/api/test_vendor_registration.py::test_register_vendor_success PASSED [ 36%]
tests/api/test_vendor_registration.py::test_register_vendor_duplicate_email PASSED [ 36%]
tests/api/test_vendor_registration.py::test_register_vendor_invalid_email PASSED [ 36%]
tests/api/test_vendor_registration.py::test_register_vendor_weak_password PASSED [ 36%]
tests/api/test_vendor_registration.py::test_register_vendor_password_no_uppercase PASSED [ 37%]
tests/api/test_vendor_registration.py::test_register_vendor_password_no_number PASSED [ 37%]
tests/api/test_vendor_registration.py::test_register_vendor_invalid_phone PASSED [ 37%]
tests/api/test_vendor_registration.py::test_register_vendor_phone_without_prefix PASSED [ 37%]
tests/api/test_vendor_registration.py::test_register_vendor_missing_terms PASSED [ 37%]
tests/api/test_vendor_registration.py::test_register_vendor_invalid_business_type PASSED [ 37%]
tests/api/test_vendor_registration.py::test_register_vendor_valid_business_types PASSED [ 37%]
tests/api/test_vendor_registration.py::test_register_vendor_invalid_category PASSED [ 37%]
tests/api/test_vendor_registration.py::test_register_vendor_all_valid_categories PASSED [ 38%]
tests/api/test_vendor_registration.py::test_vendor_auto_approved PASSED  [ 38%]
tests/api/test_vendor_registration.py::test_vendor_password_hashed PASSED [ 38%]
tests/api/test_vendor_registration.py::test_vendor_fields_populated_correctly PASSED [ 38%]
tests/api/test_vendor_registration.py::test_register_vendor_full_name_single_word PASSED [ 38%]
tests/api/test_vendor_registration.py::test_register_vendor_full_name_multiple_spaces PASSED [ 38%]
tests/api/test_vendor_registration.py::test_register_vendor_email_case_insensitive PASSED [ 38%]
tests/api/test_vendor_registration.py::test_register_vendor_performance PASSED [ 38%]
tests/api/v1/deps/test_database_deps_tdd.py::TestDatabaseSessionDependencies::test_red_get_db_should_yield_async_session PASSED [ 39%]
tests/api/v1/deps/test_database_deps_tdd.py::TestDatabaseSessionDependencies::test_red_get_db_should_handle_exceptions_with_rollback PASSED [ 39%]
tests/api/v1/deps/test_database_deps_tdd.py::TestDatabaseSessionDependencies::test_green_get_db_basic_functionality PASSED [ 39%]
tests/api/v1/deps/test_database_deps_tdd.py::TestDatabaseSessionDependencies::test_refactor_get_db_session_aliases_consistency PASSED [ 39%]
tests/api/v1/deps/test_database_deps_tdd.py::TestEntityValidationDependencies::test_red_get_user_or_404_should_validate_uuid_format PASSED [ 39%]
tests/api/v1/deps/test_database_deps_tdd.py::TestEntityValidationDependencies::test_red_get_user_or_404_should_raise_404_when_user_not_found PASSED [ 39%]
tests/api/v1/deps/test_database_deps_tdd.py::TestEntityValidationDependencies::test_red_get_product_or_404_should_exclude_soft_deleted PASSED [ 39%]
tests/api/v1/deps/test_database_deps_tdd.py::TestEntityValidationDependencies::test_green_get_user_or_404_successful_retrieval PASSED [ 40%]
tests/api/v1/deps/test_database_deps_tdd.py::TestEntityValidationDependencies::test_green_entity_validation_basic_functionality PASSED [ 40%]
tests/api/v1/deps/test_database_deps_tdd.py::TestEntityValidationDependencies::test_refactor_entity_validation_performance_optimization PASSED [ 40%]
tests/api/v1/deps/test_database_deps_tdd.py::TestEntityValidationDependencies::test_refactor_comprehensive_error_handling PASSED [ 40%]
tests/api/v1/deps/test_database_deps_tdd.py::TestEntityValidationSecurityTests::test_security_uuid_injection_prevention PASSED [ 40%]
tests/api/v1/deps/test_database_deps_tdd.py::TestEntityValidationSecurityTests::test_security_information_disclosure_prevention PASSED [ 40%]
tests/api/v1/deps/test_database_deps_tdd.py::TestEntityValidationSecurityTests::test_security_timing_attack_prevention PASSED [ 40%]
tests/api/v1/deps/test_standardized_auth_deps_tdd.py::TestGetCurrentUserDependency::test_red_get_current_user_should_reject_missing_credentials PASSED [ 40%]
tests/api/v1/deps/test_standardized_auth_deps_tdd.py::TestGetCurrentUserDependency::test_red_get_current_user_should_validate_jwt_token_format PASSED [ 41%]
tests/api/v1/deps/test_standardized_auth_deps_tdd.py::TestGetCurrentUserDependency::test_red_get_current_user_should_validate_token_payload PASSED [ 41%]
tests/api/v1/deps/test_standardized_auth_deps_tdd.py::TestGetCurrentUserDependency::test_red_get_current_user_should_verify_user_exists_in_database PASSED [ 41%]
tests/api/v1/deps/test_standardized_auth_deps_tdd.py::TestGetCurrentUserDependency::test_red_get_current_user_should_check_user_is_active PASSED [ 41%]
tests/api/v1/deps/test_standardized_auth_deps_tdd.py::TestGetCurrentUserDependency::test_green_get_current_user_successful_authentication PASSED [ 41%]
tests/api/v1/deps/test_standardized_auth_deps_tdd.py::TestGetCurrentUserDependency::test_refactor_get_current_user_comprehensive_error_handling PASSED [ 41%]
tests/api/v1/deps/test_standardized_auth_deps_tdd.py::TestOptionalAuthenticationDependency::test_red_get_current_user_optional_should_return_none_without_credentials PASSED [ 41%]
tests/api/v1/deps/test_standardized_auth_deps_tdd.py::TestOptionalAuthenticationDependency::test_red_get_current_user_optional_should_return_none_for_invalid_tokens PASSED [ 41%]
tests/api/v1/deps/test_standardized_auth_deps_tdd.py::TestOptionalAuthenticationDependency::test_green_get_current_user_optional_successful_authentication PASSED [ 42%]
tests/api/v1/deps/test_standardized_auth_deps_tdd.py::TestRoleBasedAuthorizationDependencies::test_red_require_admin_should_reject_non_admin_users PASSED [ 42%]
tests/api/v1/deps/test_standardized_auth_deps_tdd.py::TestRoleBasedAuthorizationDependencies::test_red_require_superuser_should_reject_non_superuser PASSED [ 42%]
tests/api/v1/deps/test_standardized_auth_deps_tdd.py::TestRoleBasedAuthorizationDependencies::test_red_require_vendor_should_reject_non_vendor_users PASSED [ 42%]
tests/api/v1/deps/test_standardized_auth_deps_tdd.py::TestRoleBasedAuthorizationDependencies::test_green_role_requirements_allow_correct_roles PASSED [ 42%]
tests/api/v1/deps/test_standardized_auth_deps_tdd.py::TestResourceOwnershipAuthorizationDependencies::test_red_require_admin_or_self_should_reject_other_users PASSED [ 42%]
tests/api/v1/deps/test_standardized_auth_deps_tdd.py::TestResourceOwnershipAuthorizationDependencies::test_red_require_vendor_ownership_should_reject_non_owners PASSED [ 42%]
tests/api/v1/deps/test_standardized_auth_deps_tdd.py::TestResourceOwnershipAuthorizationDependencies::test_green_ownership_allows_admin_access PASSED [ 43%]
tests/api/v1/deps/test_standardized_auth_deps_tdd.py::TestResourceOwnershipAuthorizationDependencies::test_green_ownership_allows_self_access PASSED [ 43%]
tests/api/v1/deps/test_standardized_auth_deps_tdd.py::TestEndpointPermissionValidation::test_red_validate_endpoint_permission_should_handle_public_endpoints PASSED [ 43%]
tests/api/v1/deps/test_standardized_auth_deps_tdd.py::TestEndpointPermissionValidation::test_red_validate_endpoint_permission_should_restrict_admin_endpoints PASSED [ 43%]
tests/api/v1/deps/test_standardized_auth_deps_tdd.py::TestEndpointPermissionValidation::test_green_endpoint_permission_matrix_basic_functionality PASSED [ 43%]
tests/api/v1/deps/test_standardized_auth_deps_tdd.py::TestAuthenticationSecurityTests::test_security_jwt_token_injection_prevention PASSED [ 43%]
tests/api/v1/deps/test_standardized_auth_deps_tdd.py::TestAuthenticationSecurityTests::test_security_timing_attack_prevention PASSED [ 43%]
tests/api/v1/deps/test_standardized_auth_deps_tdd.py::TestAuthenticationSecurityTests::test_security_information_disclosure_prevention PASSED [ 43%]
tests/api/v1/deps/test_standardized_auth_deps_tdd.py::TestAuthenticationSecurityTests::test_security_privilege_escalation_prevention PASSED [ 44%]
tests/api/v1/endpoints/test_database_reset.py::TestResetStatusEndpoint::test_status_success_admin PASSED [ 44%]
tests/api/v1/endpoints/test_database_reset.py::TestResetStatusEndpoint::test_status_forbidden_non_admin PASSED [ 44%]
tests/api/v1/endpoints/test_database_reset.py::TestResetStatusEndpoint::test_status_forbidden_production_environment PASSED [ 44%]
tests/api/v1/endpoints/test_database_reset.py::TestDatabaseStatisticsEndpoint::test_statistics_success PASSED [ 44%]
tests/api/v1/endpoints/test_database_reset.py::TestDatabaseStatisticsEndpoint::test_statistics_service_error PASSED [ 44%]
tests/api/v1/endpoints/test_database_reset.py::TestResetSingleUserEndpoint::test_reset_user_by_id_success PASSED [ 44%]
tests/api/v1/endpoints/test_database_reset.py::TestResetSingleUserEndpoint::test_reset_user_by_email_success PASSED [ 45%]
tests/api/v1/endpoints/test_database_reset.py::TestResetSingleUserEndpoint::test_reset_user_missing_identifier PASSED [ 45%]
tests/api/v1/endpoints/test_database_reset.py::TestResetSingleUserEndpoint::test_reset_user_service_error PASSED [ 45%]
tests/api/v1/endpoints/test_database_reset.py::TestResetTestUsersEndpoint::test_reset_test_users_success PASSED [ 45%]
tests/api/v1/endpoints/test_database_reset.py::TestResetTestUsersEndpoint::test_reset_test_users_no_patterns PASSED [ 45%]
tests/api/v1/endpoints/test_database_reset.py::TestFullResetEndpoint::test_full_reset_success_superuser PASSED [ 45%]
tests/api/v1/endpoints/test_database_reset.py::TestFullResetEndpoint::test_full_reset_forbidden_admin PASSED [ 45%]
tests/api/v1/endpoints/test_database_reset.py::TestFullResetEndpoint::test_full_reset_invalid_confirmation PASSED [ 45%]
tests/api/v1/endpoints/test_database_reset.py::TestCreateTestUserEndpoint::test_create_test_user_success PASSED [ 46%]
tests/api/v1/endpoints/test_database_reset.py::TestCreateTestUserEndpoint::test_create_test_user_invalid_domain PASSED [ 46%]
tests/api/v1/endpoints/test_database_reset.py::TestQuickResetEndpoint::test_quick_reset_success PASSED [ 46%]
tests/api/v1/endpoints/test_database_reset.py::TestHealthEndpoint::test_health_available_dev_environment PASSED [ 46%]
tests/api/v1/endpoints/test_database_reset.py::TestHealthEndpoint::test_health_disabled_production_environment PASSED [ 46%]
tests/api/v1/endpoints/test_database_reset.py::TestHealthEndpoint::test_health_error_handling PASSED [ 46%]
tests/api/v1/endpoints/test_database_reset.py::TestBackgroundTasks::test_background_task_execution PASSED [ 46%]
tests/api/v1/endpoints/test_database_reset.py::TestRequestValidation::test_invalid_reset_level PASSED [ 46%]
tests/api/v1/endpoints/test_database_reset.py::TestRequestValidation::test_missing_required_fields PASSED [ 47%]
tests/api/v1/endpoints/test_database_reset.py::TestRequestValidation::test_invalid_user_type_in_create_user PASSED [ 47%]
tests/integration/admin_management/test_admin_auth_integration.py::TestAdminAuthIntegration::test_jwt_token_with_permission_validation_integration PASSED [ 47%]
tests/integration/admin_management/test_admin_auth_integration.py::TestAdminAuthIntegration::test_session_management_with_redis_integration PASSED [ 47%]
tests/integration/admin_management/test_admin_auth_integration.py::TestAdminAuthIntegration::test_rate_limiting_with_authentication_integration PASSED [ 47%]
tests/integration/admin_management/test_admin_auth_integration.py::TestAdminAuthIntegration::test_account_lockout_with_notification_integration PASSED [ 47%]
tests/integration/admin_management/test_admin_auth_integration.py::TestAdminAuthIntegration::test_token_refresh_with_permission_revalidation PASSED [ 47%]
tests/integration/admin_management/test_admin_auth_integration.py::TestAdminAuthIntegration::test_multi_factor_authentication_integration PASSED [ 48%]
tests/integration/admin_management/test_admin_auth_integration.py::TestAdminAuthIntegration::test_concurrent_authentication_session_management PASSED [ 48%]
tests/integration/admin_management/test_admin_auth_integration.py::TestAdminAuthIntegration::test_security_event_propagation_across_services PASSED [ 48%]
tests/integration/admin_management/test_admin_cross_system_integration.py::TestAdminCrossSystemIntegration::test_complete_admin_user_journey_integration PASSED [ 48%]
tests/integration/admin_management/test_admin_cross_system_integration.py::TestAdminCrossSystemIntegration::test_api_contract_validation_integration PASSED [ 48%]
tests/integration/admin_management/test_admin_cross_system_integration.py::TestAdminCrossSystemIntegration::test_authentication_authorization_flow_integration PASSED [ 48%]
tests/integration/admin_management/test_admin_cross_system_integration.py::TestAdminCrossSystemIntegration::test_real_time_updates_integration PASSED [ 48%]
tests/integration/admin_management/test_admin_cross_system_integration.py::TestAdminCrossSystemIntegration::test_error_handling_cascading_integration PASSED [ 48%]
tests/integration/admin_management/test_admin_cross_system_integration.py::TestAdminCrossSystemIntegration::test_performance_under_multi_component_load PASSED [ 49%]
tests/integration/admin_management/test_admin_cross_system_integration.py::TestAdminCrossSystemIntegration::test_security_integration_across_layers PASSED [ 49%]
tests/integration/admin_management/test_admin_cross_system_integration.py::TestAdminCrossSystemIntegration::test_data_consistency_across_components PASSED [ 49%]
tests/integration/admin_management/test_admin_database_integration.py::TestAdminDatabaseIntegration::test_user_creation_with_permission_assignment_transaction PASSED [ 49%]
tests/integration/admin_management/test_admin_database_integration.py::TestAdminDatabaseIntegration::test_transaction_rollback_on_constraint_violation PASSED [ 49%]
tests/integration/admin_management/test_admin_database_integration.py::TestAdminDatabaseIntegration::test_concurrent_permission_updates_deadlock_prevention PASSED [ 49%]
tests/integration/admin_management/test_admin_database_integration.py::TestAdminDatabaseIntegration::test_complex_multi_table_cascade_operations PASSED [ 49%]
tests/integration/admin_management/test_admin_database_integration.py::TestAdminDatabaseIntegration::test_database_constraint_enforcement PASSED [ 50%]
tests/integration/admin_management/test_admin_database_integration.py::TestAdminDatabaseIntegration::test_connection_pooling_under_load PASSED [ 50%]
tests/integration/admin_management/test_admin_database_integration.py::TestAdminDatabaseIntegration::test_data_consistency_across_transactions PASSED [ 50%]
tests/integration/admin_management/test_admin_database_integration.py::TestAdminDatabaseIntegration::test_database_migration_compatibility PASSED [ 50%]
tests/integration/admin_management/test_admin_integration_orchestrator.py::TestAdminIntegrationOrchestrator::test_comprehensive_admin_integration_orchestration PASSED [ 50%]
tests/integration/admin_management/test_admin_integration_runner.py::TestAdminIntegrationFrameworkValidation::test_complete_integration_framework_validation PASSED [ 50%]
tests/integration/admin_management/test_admin_integration_runner.py::TestAdminIntegrationFrameworkValidation::test_enterprise_performance_benchmarks PASSED [ 50%]
tests/integration/admin_management/test_admin_integration_runner.py::TestAdminIntegrationFrameworkValidation::test_end_to_end_workflow_validation PASSED [ 50%]
tests/integration/admin_management/test_admin_integration_runner.py::TestAdminIntegrationFrameworkValidation::test_integration_framework_completeness_report PASSED [ 51%]
tests/integration/admin_management/test_admin_integration_runner.py::TestAdminIntegrationFrameworkValidation::test_target_metrics_validation PASSED [ 51%]
tests/integration/admin_management/test_admin_notification_integration.py::TestAdminNotificationIntegration::test_email_notification_with_permission_grant_integration PASSED [ 51%]
tests/integration/admin_management/test_admin_notification_integration.py::TestAdminNotificationIntegration::test_audit_logging_with_notification_integration PASSED [ 51%]
tests/integration/admin_management/test_admin_notification_integration.py::TestAdminNotificationIntegration::test_bulk_notification_with_error_handling_integration PASSED [ 51%]
tests/integration/admin_management/test_admin_notification_integration.py::TestAdminNotificationIntegration::test_real_time_notification_websocket_integration PASSED [ 51%]
tests/integration/admin_management/test_admin_notification_integration.py::TestAdminNotificationIntegration::test_notification_template_rendering_integration PASSED [ 51%]
tests/integration/admin_management/test_admin_notification_integration.py::TestAdminNotificationIntegration::test_notification_delivery_confirmation_integration PASSED [ 51%]
tests/integration/admin_management/test_admin_notification_integration.py::TestAdminNotificationIntegration::test_notification_failure_and_retry_integration PASSED [ 52%]
tests/integration/admin_management/test_admin_notification_integration.py::TestAdminNotificationIntegration::test_notification_system_health_check PASSED [ 52%]
tests/integration/admin_management/test_admin_performance_integration.py::TestAdminPerformanceIntegration::test_service_level_performance_benchmarks PASSED [ 52%]
tests/integration/admin_management/test_admin_performance_integration.py::TestAdminPerformanceIntegration::test_concurrent_service_operations_performance PASSED [ 52%]
tests/integration/admin_management/test_admin_performance_integration.py::TestAdminPerformanceIntegration::test_database_performance_under_admin_load PASSED [ 52%]
tests/integration/admin_management/test_admin_performance_integration.py::TestAdminPerformanceIntegration::test_cache_performance_optimization PASSED [ 52%]
tests/integration/admin_management/test_admin_performance_integration.py::TestAdminPerformanceIntegration::test_memory_usage_and_leak_detection PASSED [ 52%]
tests/integration/admin_management/test_admin_performance_integration.py::TestAdminPerformanceIntegration::test_performance_regression_detection PASSED [ 53%]
tests/integration/admin_management/test_admin_service_integration.py::TestAdminServiceIntegration::test_permission_validation_with_auth_integration PASSED [ 53%]
tests/integration/admin_management/test_admin_service_integration.py::TestAdminServiceIntegration::test_user_creation_with_permission_grant_integration PASSED [ 53%]
tests/integration/admin_management/test_admin_service_integration.py::TestAdminServiceIntegration::test_bulk_permission_operations_with_cache_integration PASSED [ 53%]
tests/integration/admin_management/test_admin_service_integration.py::TestAdminServiceIntegration::test_concurrent_permission_operations_integration PASSED [ 53%]
tests/integration/admin_management/test_admin_service_integration.py::TestAdminServiceIntegration::test_permission_expiry_with_background_task_integration PASSED [ 53%]
tests/integration/admin_management/test_admin_service_integration.py::TestAdminServiceIntegration::test_error_handling_across_service_boundaries PASSED [ 53%]
tests/integration/admin_management/test_admin_service_integration.py::TestAdminServiceIntegration::test_audit_trail_continuity_across_operations PASSED [ 53%]
tests/integration/admin_management/test_admin_service_integration.py::TestAdminServiceIntegration::test_performance_under_integrated_load PASSED [ 54%]
tests/integration/admin_management/test_admin_service_integration.py::TestAdminServiceIntegration::test_service_dependency_injection_integration PASSED [ 54%]
tests/integration/admin_management/test_admin_service_integration.py::TestAdminServiceIntegration::test_cross_service_transaction_integrity PASSED [ 54%]
tests/integration/admin_management/test_admin_service_integration.py::TestAdminServiceIntegration::test_service_integration_health_check PASSED [ 54%]
tests/integration/admin_management/test_admin_session_integration.py::TestAdminSessionIntegration::test_session_creation_with_permission_caching_integration PASSED [ 54%]
tests/integration/admin_management/test_admin_session_integration.py::TestAdminSessionIntegration::test_session_timeout_with_cache_invalidation_integration PASSED [ 54%]
tests/integration/admin_management/test_admin_session_integration.py::TestAdminSessionIntegration::test_concurrent_session_access_consistency_integration PASSED [ 54%]
tests/integration/admin_management/test_admin_session_integration.py::TestAdminSessionIntegration::test_session_invalidation_on_security_event_integration PASSED [ 54%]
tests/integration/admin_management/test_admin_session_integration.py::TestAdminSessionIntegration::test_redis_failover_session_recovery_integration PASSED [ 55%]
tests/integration/admin_management/test_admin_session_integration.py::TestAdminSessionIntegration::test_session_based_rate_limiting_integration PASSED [ 55%]
tests/integration/admin_management/test_admin_workflows.py::TestAdminManagementWorkflows::test_complete_admin_creation_workflow PASSED [ 55%]
tests/integration/admin_management/test_admin_workflows.py::TestAdminManagementWorkflows::test_admin_permission_lifecycle_workflow PASSED [ 55%]
tests/integration/admin_management/test_admin_workflows.py::TestAdminManagementWorkflows::test_bulk_admin_operations_workflow PASSED [ 55%]
tests/integration/admin_management/test_admin_workflows.py::TestAdminManagementWorkflows::test_admin_search_and_filtering_workflow PASSED [ 55%]
tests/integration/admin_management/test_admin_workflows.py::TestAdminSecurityWorkflows::test_security_incident_response_workflow PASSED [ 55%]
tests/integration/admin_management/test_admin_workflows.py::TestAdminSecurityWorkflows::test_permission_escalation_prevention_workflow PASSED [ 56%]
tests/integration/admin_management/test_admin_workflows.py::TestAdminPerformanceWorkflows::test_large_scale_admin_management_workflow PASSED [ 56%]
tests/integration/admin_management/test_admin_workflows.py::TestAdminResilienceWorkflows::test_database_failure_recovery_workflow PASSED [ 56%]
tests/integration/admin_management/test_admin_workflows.py::TestAdminResilienceWorkflows::test_partial_bulk_operation_failure_workflow PASSED [ 56%]
tests/integration/app/test_main_middleware_integration.py::TestMiddlewareStackIntegration::test_cors_middleware_integration PASSED [ 56%]
tests/integration/app/test_main_middleware_integration.py::TestMiddlewareStackIntegration::test_exception_handler_middleware_integration PASSED [ 56%]
tests/integration/app/test_main_middleware_integration.py::TestMiddlewareStackIntegration::test_static_files_middleware_integration PASSED [ 56%]
tests/integration/app/test_main_middleware_integration.py::TestMiddlewareStackIntegration::test_middleware_order_integration PASSED [ 56%]
tests/integration/app/test_main_middleware_integration.py::TestMiddlewareStackIntegration::test_request_size_middleware_integration PASSED [ 57%]
tests/integration/app/test_main_middleware_integration.py::TestMiddlewareStackIntegration::test_async_middleware_integration PASSED [ 57%]
tests/integration/app/test_main_middleware_integration.py::TestMiddlewareStackIntegration::test_content_type_middleware_integration PASSED [ 57%]
tests/integration/app/test_main_middleware_integration.py::TestSecurityMiddlewareIntegration::test_security_headers_integration PASSED [ 57%]
tests/integration/app/test_main_middleware_integration.py::TestSecurityMiddlewareIntegration::test_authentication_middleware_integration PASSED [ 57%]
tests/integration/app/test_main_middleware_integration.py::TestSecurityMiddlewareIntegration::test_rate_limiting_middleware_integration PASSED [ 57%]
tests/integration/app/test_main_middleware_integration.py::TestErrorHandlingMiddlewareIntegration::test_global_exception_handler_integration PASSED [ 57%]
tests/integration/app/test_main_middleware_integration.py::TestErrorHandlingMiddlewareIntegration::test_validation_error_handler_integration PASSED [ 58%]
tests/integration/app/test_main_middleware_integration.py::TestErrorHandlingMiddlewareIntegration::test_async_exception_handling_integration PASSED [ 58%]
tests/integration/app/test_main_middleware_integration.py::TestPerformanceMiddlewareIntegration::test_response_time_middleware_integration PASSED [ 58%]
tests/integration/app/test_main_middleware_integration.py::TestPerformanceMiddlewareIntegration::test_gzip_compression_middleware_integration PASSED [ 58%]
tests/integration/app/test_main_middleware_integration.py::TestPerformanceMiddlewareIntegration::test_middleware_memory_usage_integration PASSED [ 58%]
tests/integration/system/test_exception_handler.py::test_exception_handler PASSED [ 58%]
tests/integration/system/test_final_verification.py::test_all_users_complete PASSED [ 58%]
tests/integration/system/test_movement_tracker_integration.py::test_models_import PASSED [ 58%]
tests/integration/system/test_movement_tracker_integration.py::test_schemas_import PASSED [ 59%]
tests/integration/system/test_movement_tracker_integration.py::test_enum_values PASSED [ 59%]
tests/integration/system/test_movement_tracker_integration.py::test_model_creation PASSED [ 59%]
tests/integration/system/test_movement_tracker_integration.py::test_model_serialization PASSED [ 59%]
tests/integration/system/test_movement_tracker_integration.py::test_endpoint_imports PASSED [ 59%]
tests/integration/system/test_movement_tracker_integration.py::test_changes_calculation PASSED [ 59%]
tests/integration/system/test_sistema_completo.py::test_base_datos PASSED [ 59%]
tests/integration/system/test_sistema_completo.py::test_auth_endpoints PASSED [ 59%]
tests/integration/system/test_sistema_completo.py::test_endpoint_directo PASSED [ 60%]
tests/integration/test_admin_approval_processes_red.py::TestProductRejectionWorkflowRed::test_product_rejection_notification_integration_failure PASSED [ 60%]
tests/integration/test_admin_approval_processes_red.py::TestProductRejectionWorkflowRed::test_rejection_appeal_process_integration_failure PASSED [ 60%]
tests/integration/test_admin_approval_processes_red.py::TestProductRejectionWorkflowRed::test_rejection_audit_trail_integration_failure PASSED [ 60%]
tests/integration/test_admin_approval_processes_red.py::TestProductApprovalWorkflowRed::test_product_approval_quality_scoring_integration_failure PASSED [ 60%]
tests/integration/test_admin_approval_processes_red.py::TestProductApprovalWorkflowRed::test_approval_workflow_state_validation_failure PASSED [ 60%]
tests/integration/test_admin_approval_processes_red.py::TestProductApprovalWorkflowRed::test_approval_vendor_scoring_integration_failure PASSED [ 60%]
tests/integration/test_admin_approval_processes_red.py::TestRejectionHistoryAnalyticsRed::test_rejection_history_complex_query_failure PASSED [ 61%]
tests/integration/test_admin_approval_processes_red.py::TestRejectionHistoryAnalyticsRed::test_rejection_summary_analytics_integration_failure PASSED [ 61%]
tests/integration/test_admin_approval_processes_red.py::TestRejectionHistoryAnalyticsRed::test_rejection_summary_performance_success PASSED [ 61%]
tests/integration/test_admin_approval_processes_red.py::TestApprovalRejectionBusinessRulesRed::test_approval_rejection_business_rule_conflicts_failure PASSED [ 61%]
tests/integration/test_admin_approval_processes_red.py::TestApprovalRejectionBusinessRulesRed::test_cross_workflow_state_validation_failure PASSED [ 61%]
tests/integration/test_admin_quality_assessment_red.py::TestQualityChecklistIntegrationRed::test_quality_checklist_schema_validation_failure PASSED [ 61%]
tests/integration/test_admin_quality_assessment_red.py::TestQualityChecklistIntegrationRed::test_quality_checklist_workflow_step_integration_failure PASSED [ 61%]
tests/integration/test_admin_quality_assessment_red.py::TestQualityChecklistIntegrationRed::test_quality_scoring_algorithm_integration_failure PASSED [ 61%]
tests/integration/test_admin_quality_assessment_red.py::TestLocationAssignmentIntegrationRed::test_auto_location_assignment_algorithm_failure PASSED [ 62%]
tests/integration/test_admin_quality_assessment_red.py::TestLocationAssignmentIntegrationRed::test_location_assignment_capacity_management_failure PASSED [ 62%]
tests/integration/test_admin_quality_assessment_red.py::TestLocationAssignmentIntegrationRed::test_location_assignment_cross_warehouse_coordination_failure PASSED [ 62%]
tests/integration/test_admin_quality_assessment_red.py::TestQualityAssessmentBusinessLogicRed::test_quality_threshold_business_rules_failure PASSED [ 62%]
tests/integration/test_admin_quality_assessment_red.py::TestQualityAssessmentBusinessLogicRed::test_quality_assessment_audit_compliance_failure PASSED [ 62%]
tests/integration/test_admin_quality_assessment_red.py::TestQualityAssessmentPerformanceRed::test_bulk_quality_assessment_performance_failure PASSED [ 62%]
tests/integration/test_admin_quality_assessment_red.py::TestQualityAssessmentPerformanceRed::test_quality_assessment_database_optimization_failure PASSED [ 62%]
tests/integration/test_admin_verification_workflows_red.py::TestPhotoUploadVerificationWorkflowRed::test_photo_upload_workflow_integration_failure PASSED [ 62%]
tests/integration/test_admin_verification_workflows_red.py::TestPhotoUploadVerificationWorkflowRed::test_photo_upload_cross_service_communication_failure PASSED [ 63%]
tests/integration/test_admin_verification_workflows_red.py::TestPhotoUploadVerificationWorkflowRed::test_photo_deletion_workflow_state_corruption_failure PASSED [ 63%]
tests/integration/test_admin_verification_workflows_red.py::TestQualityChecklistWorkflowRed::test_quality_checklist_workflow_orchestration_failure PASSED [ 63%]
tests/integration/test_admin_verification_workflows_red.py::TestQualityChecklistWorkflowRed::test_quality_checklist_business_rule_validation_failure PASSED [ 63%]
tests/integration/test_admin_verification_workflows_red.py::TestWorkflowStateManagementRed::test_workflow_state_transition_validation_failure PASSED [ 63%]
tests/integration/test_admin_verification_workflows_red.py::TestWorkflowStateManagementRed::test_concurrent_workflow_modification_failure PASSED [ 63%]
tests/integration/test_admin_verification_workflows_red.py::TestWorkflowStateManagementRed::test_workflow_rollback_on_failure_not_implemented PASSED [ 63%]
tests/integration/test_admin_verification_workflows_red.py::TestWorkflowPerformanceIntegrationRed::test_bulk_photo_processing_performance_failure PASSED [ 64%]
tests/integration/test_admin_verification_workflows_red.py::TestWorkflowPerformanceIntegrationRed::test_workflow_database_performance_failure PASSED [ 64%]
tests/integration/test_auth_integration_fixed.py::TestAuthenticationIntegrationFixed::test_complete_authentication_flow_admin PASSED [ 64%]
tests/integration/test_auth_integration_fixed.py::TestAuthenticationIntegrationFixed::test_authentication_with_vendor_permissions PASSED [ 64%]
tests/integration/test_auth_integration_fixed.py::TestAuthenticationIntegrationFixed::test_authentication_with_buyer_permissions PASSED [ 64%]
tests/integration/test_auth_integration_fixed.py::TestAuthenticationIntegrationFixed::test_invalid_token_authentication PASSED [ 64%]
tests/integration/test_auth_integration_fixed.py::TestAuthenticationIntegrationFixed::test_expired_token_authentication PASSED [ 64%]
tests/integration/test_auth_integration_fixed.py::TestAuthenticationIntegrationFixed::test_token_payload_completeness PASSED [ 64%]
tests/integration/test_auth_integration_fixed.py::TestAuthenticationIntegrationFixed::test_database_session_isolation PASSED [ 65%]
tests/integration/test_auth_integration_fixed.py::TestAuthenticationIntegrationFixed::test_cross_system_auth_workflow PASSED [ 65%]
tests/integration/test_auth_integration_fixed.py::TestAuthenticationIntegrationFixed::test_multiple_concurrent_auth_requests PASSED [ 65%]
tests/integration/test_chromadb.py::TestChromaDBSetup::test_initialize_base_collections PASSED [ 65%]
tests/integration/test_chromadb.py::TestEmbeddingsOperations::test_add_items_success PASSED [ 65%]
tests/integration/test_chromadb.py::TestEmbeddingsOperations::test_query_similar_basic PASSED [ 65%]
tests/integration/test_chromadb.py::TestSemanticSearch::test_semantic_similarity_food PASSED [ 65%]
tests/integration/test_chromadb_integration.py::test_marketplace_products PASSED [ 66%]
tests/integration/test_chromadb_integration.py::test_semantic_queries PASSED [ 66%]
tests/integration/test_chromadb_integration.py::test_filtered_search PASSED [ 66%]
tests/integration/test_cors_security.py::TestCORSSecurityConfiguration::test_cors_no_wildcard_origins PASSED [ 66%]
tests/integration/test_cors_security.py::TestCORSSecurityConfiguration::test_development_cors_origins PASSED [ 66%]
tests/integration/test_cors_security.py::TestCORSSecurityConfiguration::test_production_cors_https_enforcement PASSED [ 66%]
tests/integration/test_cors_security.py::TestCORSSecurityConfiguration::test_production_cors_requires_explicit_origins PASSED [ 66%]
tests/integration/test_cors_security.py::TestCORSSecurityConfiguration::test_testing_environment_restrictions PASSED [ 66%]
tests/integration/test_cors_security.py::TestCORSSecurityConfiguration::test_secure_cors_methods_production PASSED [ 67%]
tests/integration/test_cors_security.py::TestCORSSecurityConfiguration::test_secure_cors_headers_production PASSED [ 67%]
tests/integration/test_cors_security.py::TestCORSSecurityConfiguration::test_cors_preflight_request PASSED [ 67%]
tests/integration/test_cors_security.py::TestCORSSecurityConfiguration::test_cors_actual_request PASSED [ 67%]
tests/integration/test_cors_security.py::TestCORSSecurityConfiguration::test_cors_invalid_origin_rejected PASSED [ 67%]
tests/integration/test_cors_security.py::TestCORSSecurityConfiguration::test_cors_credentials_configuration PASSED [ 67%]
tests/integration/test_cors_security.py::TestCORSSecurityConfiguration::test_cors_max_age_security PASSED [ 67%]
tests/integration/test_cors_security.py::TestMiddlewareChainSecurity::test_middleware_chain_ordering PASSED [ 67%]
tests/integration/test_cors_security.py::TestMiddlewareChainSecurity::test_https_redirect_production_only PASSED [ 68%]
tests/integration/test_cors_security.py::TestMiddlewareChainSecurity::test_gzip_compression_active PASSED [ 68%]
tests/integration/test_cors_security.py::TestMiddlewareChainSecurity::test_security_headers_present PASSED [ 68%]
tests/integration/test_cors_security.py::TestCORSEnvironmentIntegration::test_development_environment_cors PASSED [ 68%]
tests/integration/test_cors_security.py::TestCORSEnvironmentIntegration::test_testing_environment_cors PASSED [ 68%]
tests/integration/test_cors_security.py::TestCORSEnvironmentIntegration::test_cors_error_handling PASSED [ 68%]
tests/integration/test_database_config.py::TestDatabaseConfiguration::test_default_database_url PASSED [ 68%]
tests/integration/test_database_config.py::TestDatabaseConfiguration::test_database_url_from_env PASSED [ 69%]
tests/integration/test_database_config.py::TestDatabaseConfiguration::test_db_echo_from_env PASSED [ 69%]
tests/integration/test_database_config.py::TestDatabaseConfiguration::test_database_url_validation_success PASSED [ 69%]
tests/integration/test_database_config.py::TestDatabaseConfiguration::test_database_url_validation_failure PASSED [ 69%]
tests/integration/test_database_config.py::TestDatabaseConfiguration::test_additional_db_fields PASSED [ 69%]
tests/integration/test_database_config.py::TestDatabaseConfiguration::test_individual_db_fields_from_env PASSED [ 69%]
tests/integration/test_database_fixtures_validation.py::TestDatabaseFixtures::test_database_manager_creation PASSED [ 69%]
tests/integration/test_database_fixtures_validation.py::TestDatabaseFixtures::test_database_manager_sync_engine PASSED [ 69%]
tests/integration/test_database_fixtures_validation.py::TestDatabaseFixtures::test_database_manager_async_engine PASSED [ 70%]
tests/integration/test_database_fixtures_validation.py::TestDatabaseFixtures::test_isolated_session_context_manager PASSED [ 70%]
tests/integration/test_database_fixtures_validation.py::TestDatabaseFixtures::test_async_isolated_session_context_manager PASSED [ 70%]
tests/integration/test_database_fixtures_validation.py::TestDatabaseFixtures::test_isolated_db_session_fixture PASSED [ 70%]
tests/integration/test_database_fixtures_validation.py::TestDatabaseFixtures::test_isolated_async_session_fixture PASSED [ 70%]
tests/integration/test_database_fixtures_validation.py::TestDatabaseFixtures::test_test_data_factory_class_creation PASSED [ 70%]
tests/integration/test_database_fixtures_validation.py::TestDatabaseFixtures::test_test_data_factory_user_creation PASSED [ 70%]
tests/integration/test_database_fixtures_validation.py::TestDatabaseFixtures::test_test_data_factory_product_creation PASSED [ 70%]
tests/integration/test_database_fixtures_validation.py::TestDatabaseFixtures::test_test_data_factory_order_creation PASSED [ 71%]
tests/integration/test_database_fixtures_validation.py::TestDatabaseFixturesIntegration::test_fixtures_isolation PASSED [ 71%]
tests/integration/test_database_fixtures_validation.py::TestDatabaseFixturesIntegration::test_async_fixtures_work PASSED [ 71%]
tests/integration/test_database_fixtures_validation.py::TestDatabaseFixturesUnit::test_database_url_generation PASSED [ 71%]
tests/integration/test_database_fixtures_validation.py::TestDatabaseFixturesUnit::test_cleanup_functionality PASSED [ 71%]
tests/integration/test_database_indexes.py::TestDatabaseIndexes::test_user_indexes_created PASSED [ 71%]
tests/integration/test_database_indexes.py::TestDatabaseIndexes::test_product_indexes_created PASSED [ 71%]
tests/integration/test_database_indexes.py::TestDatabaseIndexes::test_storage_indexes_created PASSED [ 72%]
tests/integration/test_database_indexes.py::TestDatabaseIndexes::test_inventory_indexes_created PASSED [ 72%]
tests/integration/test_database_indexes.py::TestDatabaseIndexes::test_index_usage_simulation PASSED [ 72%]
tests/integration/test_database_indexes.py::TestDatabaseIndexes::test_compound_index_effectiveness PASSED [ 72%]
tests/integration/test_database_isolation.py::test_database_url_is_testing PASSED [ 72%]
tests/integration/test_database_isolation.py::test_create_user_in_test_db PASSED [ 72%]
tests/integration/test_database_isolation.py::test_query_user_from_test_db PASSED [ 72%]
tests/integration/test_database_isolation.py::test_database_isolation_between_tests PASSED [ 72%]
tests/integration/test_database_isolation.py::test_fastapi_client_uses_test_db PASSED [ 73%]
tests/integration/test_database_isolation.py::test_rollback_and_cleanup PASSED [ 73%]
tests/integration/test_database_working.py::test_database_url_is_testing PASSED [ 73%]
tests/integration/test_database_working.py::test_create_user_with_all_required_fields PASSED [ 73%]
tests/integration/test_database_working.py::test_create_user_with_specific_type PASSED [ 73%]
tests/integration/test_database_working.py::test_query_users_from_test_db PASSED [ 73%]
tests/integration/test_database_working.py::test_update_user_in_test_db PASSED [ 73%]
tests/integration/test_database_working.py::test_delete_user_from_test_db PASSED [ 74%]
tests/integration/test_database_working.py::test_database_isolation_between_tests PASSED [ 74%]
tests/integration/test_database_working.py::test_user_model_methods PASSED [ 74%]
tests/integration/test_database_working.py::test_fastapi_client_uses_test_db PASSED [ 74%]
tests/integration/test_database_working.py::test_unique_constraints PASSED [ 74%]
tests/integration/test_embeddings.py::TestGetEmbeddingModel::test_get_embedding_model_first_call_success PASSED [ 74%]
tests/integration/test_embeddings.py::TestGetEmbeddingModel::test_get_embedding_model_singleton_behavior PASSED [ 74%]
tests/integration/test_embeddings.py::TestGetEmbeddingModel::test_get_embedding_model_loading_error PASSED [ 74%]
tests/integration/test_embeddings.py::TestEmbedTexts::test_embed_texts_success PASSED [ 75%]
tests/integration/test_embeddings.py::TestEmbedTexts::test_embed_texts_empty_list PASSED [ 75%]
tests/integration/test_embeddings.py::TestEmbedTexts::test_embed_texts_model_error PASSED [ 75%]
tests/integration/test_embeddings.py::TestAddItems::test_add_items_success PASSED [ 75%]
tests/integration/test_embeddings.py::TestAddItems::test_add_items_without_metadata PASSED [ 75%]
tests/integration/test_embeddings.py::TestAddItems::test_add_items_validation_errors[ids0-texts0-texts e ids deben tener la misma longitud] PASSED [ 75%]
tests/integration/test_embeddings.py::TestAddItems::test_add_items_validation_errors[ids1-texts1-texts e ids deben tener la misma longitud] PASSED [ 75%]
tests/integration/test_embeddings.py::TestAddItems::test_add_items_validation_errors[ids2-texts2-texts e ids deben tener la misma longitud] PASSED [ 75%]
tests/integration/test_embeddings.py::TestAddItems::test_add_items_metadata_length_mismatch PASSED [ 76%]
tests/integration/test_embeddings.py::TestQuerySimilar::test_query_similar_success PASSED [ 76%]
tests/integration/test_embeddings.py::TestQuerySimilar::test_query_similar_empty_results PASSED [ 76%]
tests/integration/test_embeddings.py::TestQuerySimilar::test_query_similar_with_filters PASSED [ 76%]
tests/integration/test_embeddings.py::TestUpdateItem::test_update_item_text_and_metadata PASSED [ 76%]
tests/integration/test_embeddings.py::TestUpdateItem::test_update_item_metadata_only PASSED [ 76%]
tests/integration/test_embeddings.py::TestUpdateItem::test_update_item_no_changes PASSED [ 76%]
tests/integration/test_embeddings.py::TestDeleteItems::test_delete_items_success PASSED [ 77%]
tests/integration/test_embeddings.py::TestDeleteItems::test_delete_items_single_item PASSED [ 77%]
tests/integration/test_embeddings.py::TestGetCollectionStats::test_get_collection_stats_success PASSED [ 77%]
tests/integration/test_embeddings.py::TestEmbeddingsIntegration::test_full_workflow_simulation PASSED [ 77%]
tests/integration/test_embeddings.py::TestEmbeddingsIntegration::test_error_propagation_workflow PASSED [ 77%]
tests/integration/test_embeddings.py::TestEdgeCasesAndRobustness::test_very_large_batch_add PASSED [ 77%]
tests/integration/test_embeddings.py::TestEdgeCasesAndRobustness::test_unicode_and_special_characters PASSED [ 77%]
tests/integration/test_embeddings.py::TestEdgeCasesAndRobustness::test_query_different_result_sizes[1] PASSED [ 77%]
tests/integration/test_embeddings.py::TestEdgeCasesAndRobustness::test_query_different_result_sizes[5] PASSED [ 78%]
tests/integration/test_embeddings.py::TestEdgeCasesAndRobustness::test_query_different_result_sizes[10] PASSED [ 78%]
tests/integration/test_embeddings.py::TestEdgeCasesAndRobustness::test_query_different_result_sizes[50] PASSED [ 78%]
tests/integration/test_embeddings.py::TestEdgeCasesAndRobustness::test_query_different_result_sizes[100] PASSED [ 78%]
tests/integration/test_embeddings.py::TestLoggingAndMonitoring::test_add_items_logging PASSED [ 78%]
tests/integration/test_embeddings.py::TestLoggingAndMonitoring::test_query_similar_logging PASSED [ 78%]
tests/integration/test_embeddings.py::test_module_imports PASSED         [ 78%]
tests/integration/test_health_robust.py::TestHealthRobust::test_health_endpoint_exists_and_responds PASSED [ 79%]
tests/integration/test_health_robust.py::TestHealthRobust::test_health_endpoint_basic_functionality PASSED [ 79%]
tests/integration/test_payment_integration.py::TestPayUServiceIntegration::test_payu_signature_generation PASSED [ 79%]
tests/integration/test_payment_integration.py::TestPayUServiceIntegration::test_payu_transaction_creation_with_db PASSED [ 79%]
tests/integration/test_payment_integration.py::TestPayUServiceIntegration::test_payu_webhook_signature_validation PASSED [ 79%]
tests/integration/test_payment_integration.py::TestEfectyServiceIntegration::test_efecty_code_generation PASSED [ 79%]
tests/integration/test_payment_integration.py::TestEfectyServiceIntegration::test_efecty_code_validation_and_expiration PASSED [ 79%]
tests/integration/test_payment_integration.py::TestEfectyServiceIntegration::test_efecty_payment_confirmation PASSED [ 79%]
tests/integration/test_payment_integration.py::TestWebhookIntegration::test_wompi_signature_verification PASSED [ 80%]
tests/integration/test_payment_integration.py::TestWebhookIntegration::test_wompi_webhook_order_update PASSED [ 80%]
tests/integration/test_payment_integration.py::TestWebhookIntegration::test_webhook_idempotency_protection PASSED [ 80%]
tests/integration/test_payment_integration.py::TestWebhookIntegration::test_wompi_status_mapping PASSED [ 80%]
tests/integration/test_payment_integration.py::TestPaymentAPIIntegration::test_payment_config_endpoint PASSED [ 80%]
tests/integration/test_payment_integration.py::TestPaymentAPIIntegration::test_payment_methods_endpoint PASSED [ 80%]
tests/integration/test_payment_integration.py::TestPaymentAPIIntegration::test_webhook_endpoint_with_signature PASSED [ 80%]
tests/integration/test_payment_integration.py::TestRaceConditions::test_concurrent_webhook_processing PASSED [ 80%]
tests/integration/test_payment_integration.py::TestRaceConditions::test_transaction_rollback_on_error PASSED [ 81%]
tests/integration/test_payment_integration.py::TestDataIntegrity::test_payment_amount_consistency PASSED [ 81%]
tests/integration/test_payment_integration.py::TestDataIntegrity::test_order_status_transitions PASSED [ 81%]
tests/integration/test_payment_integration.py::TestDataIntegrity::test_webhook_audit_trail PASSED [ 81%]
tests/integration/test_payment_integration.py::TestPaymentPerformance::test_webhook_processing_performance PASSED [ 81%]
tests/integration/test_payment_integration.py::TestPaymentPerformance::test_bulk_transaction_creation PASSED [ 81%]
tests/integration/test_red_validation.py::TestRedPhaseValidation::test_admin_endpoint_import_should_fail PASSED [ 81%]
tests/integration/test_red_validation.py::TestRedPhaseValidation::test_workflow_integration_should_fail PASSED [ 82%]
tests/integration/test_red_validation.py::TestRedPhaseValidation::test_schema_validation_should_fail PASSED [ 82%]
tests/integration/test_red_validation.py::TestRedPhaseValidation::test_database_integration_should_expose_gaps PASSED [ 82%]
tests/integration/test_red_validation.py::TestRedPhaseValidation::test_red_phase_summary PASSED [ 82%]
tests/integration/test_sms_security_endpoint.py::test_send_sms_public_success_flow PASSED [ 82%]
tests/integration/test_sms_security_endpoint.py::test_send_sms_public_phone_rate_limit PASSED [ 82%]
tests/integration/test_sms_security_endpoint.py::test_send_sms_public_invalid_phone_no_plus PASSED [ 82%]
tests/integration/test_sms_security_endpoint.py::test_send_sms_public_invalid_phone_too_short PASSED [ 82%]
tests/integration/test_sms_security_endpoint.py::test_send_sms_public_ip_rate_limit_multiple_phones PASSED [ 83%]
tests/integration/test_sms_security_endpoint.py::test_send_sms_public_phone_rate_limit_different_ips PASSED [ 83%]
tests/integration/test_sms_security_endpoint.py::test_send_sms_public_international_phones PASSED [ 83%]
tests/integration/test_sms_security_endpoint.py::test_send_sms_public_invalid_country_code PASSED [ 83%]
tests/integration/test_sms_security_endpoint.py::test_send_sms_public_phone_too_long PASSED [ 83%]
tests/integration/test_sms_security_endpoint.py::test_send_sms_public_twilio_failure PASSED [ 83%]
tests/integration/test_sms_security_endpoint.py::test_send_sms_public_twilio_exception PASSED [ 83%]
tests/integration/test_sms_security_endpoint.py::test_send_sms_public_twilio_success_pending_status PASSED [ 83%]
tests/integration/test_sms_security_endpoint.py::test_send_sms_public_ip_detection_from_x_forwarded_for PASSED [ 84%]
tests/integration/test_sms_security_endpoint.py::test_send_sms_public_ip_detection_from_x_real_ip PASSED [ 84%]
tests/integration/test_sms_security_endpoint.py::test_send_sms_public_ip_chain_parsing PASSED [ 84%]
tests/integration/test_sms_security_endpoint.py::test_send_sms_public_missing_phone_parameter PASSED [ 84%]
tests/integration/test_sms_security_endpoint.py::test_send_sms_public_empty_phone_string PASSED [ 84%]
tests/integration/test_sms_security_endpoint.py::test_send_sms_public_phone_with_spaces PASSED [ 84%]
tests/integration/test_sms_security_endpoint.py::test_send_sms_public_complete_flow_success PASSED [ 84%]
tests/integration/test_transaction.py::TestTransactionCreation::test_create_transaction_basic PASSED [ 85%]
tests/integration/test_transaction.py::TestTransactionCreation::test_create_transaction_complete PASSED [ 85%]
tests/integration/test_transaction.py::TestTransactionEnums::test_metodo_pago_values PASSED [ 85%]
tests/integration/test_transaction.py::TestTransactionEnums::test_estado_transaccion_values PASSED [ 85%]
tests/integration/test_transaction.py::TestTransactionUtilityMethods::test_esta_pendiente PASSED [ 85%]
tests/integration/test_transaction.py::TestTransactionUtilityMethods::test_esta_completada PASSED [ 85%]
tests/integration/test_transaction.py::TestTransactionUtilityMethods::test_puede_cancelar PASSED [ 85%]
tests/integration/test_transaction.py::TestTransactionUtilityMethods::test_marcar_como_completada PASSED [ 85%]
tests/integration/test_transaction.py::TestTransactionUtilityMethods::test_get_monto_formateado PASSED [ 86%]
tests/integration/test_transaction.py::TestTransactionUtilityMethods::test_es_pago_digital PASSED [ 86%]
tests/integration/test_transaction.py::TestTransactionSerialization::test_to_dict_basic PASSED [ 86%]
tests/integration/test_transaction_commission.py::TestTransactionCommissionFields::test_campos_comision_existen PASSED [ 86%]
tests/integration/test_transaction_commission.py::TestTransactionCommissionFields::test_campos_comision_tipos_correctos PASSED [ 86%]
tests/integration/test_transaction_commission.py::TestTransactionCommissionFields::test_porcentaje_mestocker_rangos_validos PASSED [ 86%]
tests/integration/test_transaction_commission.py::TestTransactionCommissionFields::test_monto_vendedor_valores_validos PASSED [ 86%]
tests/integration/test_transaction_commission.py::TestTransactionCommissionMethods::test_calcular_monto_vendedor_basico PASSED [ 87%]
tests/integration/test_transaction_commission.py::TestTransactionCommissionMethods::test_calcular_monto_vendedor_sin_monto PASSED [ 87%]
tests/integration/test_transaction_commission.py::TestTransactionCommissionMethods::test_calcular_monto_vendedor_sin_porcentaje PASSED [ 87%]
tests/integration/test_transaction_commission.py::TestTransactionCommissionMethods::test_calcular_monto_vendedor_precision PASSED [ 87%]
tests/integration/test_transaction_commission.py::TestTransactionCommissionMethods::test_aplicar_comision_automatica PASSED [ 87%]
tests/integration/test_transaction_commission.py::TestTransactionCommissionMethods::test_aplicar_comision_automatica_sin_monto PASSED [ 87%]
tests/integration/test_transaction_commission.py::TestTransactionCommissionSerialization::test_to_dict_incluye_campos_comision PASSED [ 87%]
tests/integration/test_transaction_commission.py::TestTransactionCommissionSerialization::test_to_dict_campos_comision_none PASSED [ 87%]
tests/integration/test_transaction_commission.py::TestTransactionCommissionSerialization::test_to_dict_get_monto_formateado_funciona PASSED [ 88%]
tests/integration/test_transaction_commission.py::TestTransactionCommissionIntegration::test_flujo_completo_comision PASSED [ 88%]
tests/integration/test_transaction_commission.py::TestTransactionCommissionIntegration::test_recalculo_monto_vendedor PASSED [ 88%]
tests/integration/test_transaction_commission.py::TestTransactionCommissionEdgeCases::test_comision_cero_porcentaje PASSED [ 88%]
tests/integration/test_transaction_commission.py::TestTransactionCommissionEdgeCases::test_comision_maxima_porcentaje PASSED [ 88%]
tests/integration/test_transaction_status.py::TestTransactionStatusFields::test_status_field_exists PASSED [ 88%]
tests/integration/test_transaction_status.py::TestTransactionStatusFields::test_fecha_pago_field_exists PASSED [ 88%]
tests/integration/test_transaction_status.py::TestTransactionStatusFields::test_referencia_pago_field_exists PASSED [ 88%]
tests/integration/test_transaction_status.py::TestTransactionStatusFields::test_fields_are_nullable PASSED [ 89%]
tests/integration/test_transaction_status.py::TestTransactionStatusMethods::test_marcar_pago_completado_sin_referencia PASSED [ 89%]
tests/integration/test_transaction_status.py::TestTransactionStatusMethods::test_marcar_pago_completado_con_referencia PASSED [ 89%]
tests/integration/test_transaction_status.py::TestTransactionStatusMethods::test_tiene_pago_confirmado_true PASSED [ 89%]
tests/integration/test_transaction_status.py::TestTransactionStatusMethods::test_tiene_pago_confirmado_false_sin_status PASSED [ 89%]
tests/integration/test_transaction_status.py::TestTransactionStatusMethods::test_tiene_pago_confirmado_false_sin_fecha PASSED [ 89%]
tests/integration/test_transaction_status.py::TestTransactionStatusSerialization::test_to_dict_includes_new_fields PASSED [ 89%]
tests/integration/test_transaction_status.py::TestTransactionStatusSerialization::test_fecha_pago_iso_format_in_dict PASSED [ 90%]
tests/integration/test_transaction_status.py::TestTransactionStatusIntegrity::test_campos_originales_preservados PASSED [ 90%]
tests/integration/test_transaction_status.py::TestTransactionStatusIntegrity::test_no_conflicts_between_old_and_new_fields PASSED [ 90%]
tests/integration/test_webhooks_wompi.py::test_valid_signature_accepted PASSED [ 90%]
tests/integration/test_webhooks_wompi.py::test_invalid_signature_rejected PASSED [ 90%]
tests/integration/test_webhooks_wompi.py::test_missing_signature_handled PASSED [ 90%]
tests/integration/test_webhooks_wompi.py::test_approved_payment_updates_order SKIPPEDtionality verified. Run: pytest tests/integration/test_webho
oks_wompi.py::test_approved_payment_updates_order -xvs)                  [ 90%]
tests/integration/test_webhooks_wompi.py::test_declined_payment_keeps_order_pending PASSED [ 90%]
tests/integration/test_webhooks_wompi.py::test_pending_payment_status PASSED [ 91%]
tests/integration/test_webhooks_wompi.py::test_error_payment_status PASSED [ 91%]
tests/integration/test_webhooks_wompi.py::test_creates_transaction_record SKIPPEDsaction creation verified. Run: pytest tests/integration/tes
t_webhooks_wompi.py::test_creates_transaction_record -xvs)               [ 91%]
tests/integration/test_webhooks_wompi.py::test_updates_existing_transaction SKIPPEDvent_id in full suite. Passes individually. Run: pytest 
tests/integration/test_webhooks_wompi.py::test_updates_existing_transact
ion -xvs)                                                                [ 91%]
tests/integration/test_webhooks_wompi.py::test_duplicate_webhook_idempotency SKIPPEDes individually. Run: pytest tests/integration/test_webhooks_
wompi.py::test_duplicate_webhook_idempotency -xvs)                       [ 91%]
tests/integration/test_webhooks_wompi.py::test_missing_order_handled_gracefully PASSED [ 91%]
tests/integration/test_webhooks_wompi.py::test_invalid_json_handled PASSED [ 91%]
tests/integration/test_webhooks_wompi.py::test_missing_required_fields PASSED [ 91%]
tests/integration/test_webhooks_wompi.py::test_webhook_event_stored SKIPPEDses individually. Run: pytest
tests/integration/test_webhooks_wompi.py::test_webhook_event_stored
-xvs)                                                                    [ 92%]
tests/integration/test_webhooks_wompi.py::test_failed_webhook_logged PASSED [ 92%]
tests/integration/test_webhooks_wompi.py::test_webhooks_health_endpoint PASSED [ 92%]
tests/integration/test_webhooks_wompi.py::test_complete_payment_flow SKIPPEDndividually. Run: pytest
tests/integration/test_webhooks_wompi.py::test_complete_payment_flow
-xvs)                                                                    [ 92%]
tests/integration/test_webhooks_wompi.py::test_payment_retry_flow PASSED [ 92%]
tests/integration/test_wompi_integration_simple.py::test_integrated_payment_service_uses_wompi_methods PASSED [ 92%]
tests/integration/test_wompi_integration_simple.py::test_wompi_service_methods_exist_and_callable PASSED [ 92%]
tests/integration/test_wompi_integration_simple.py::test_wompi_methods_have_correct_signatures PASSED [ 93%]
tests/integration/test_wompi_integration_simple.py::test_wompi_service_error_handling PASSED [ 93%]
tests/integration/test_wompi_service_methods.py::TestWompiServiceTransactionStatus::test_get_transaction_status_success PASSED [ 93%]
tests/integration/test_wompi_service_methods.py::TestWompiServiceTransactionStatus::test_get_transaction_status_invalid_id PASSED [ 93%]
tests/integration/test_wompi_service_methods.py::TestWompiServiceTransactionStatus::test_get_transaction_status_invalid_response PASSED [ 93%]
tests/integration/test_wompi_service_methods.py::TestWompiServiceTransactionStatus::test_get_transaction_status_network_error PASSED [ 93%]
tests/integration/test_wompi_service_methods.py::TestWompiServiceTransactionStatus::test_get_transaction_status_unexpected_error PASSED [ 93%]
tests/integration/test_wompi_service_methods.py::TestWompiServicePaymentMethods::test_get_payment_methods_success_with_card_and_pse PASSED [ 93%]
tests/integration/test_wompi_service_methods.py::TestWompiServicePaymentMethods::test_get_payment_methods_pse_bank_failure PASSED [ 94%]
tests/integration/test_wompi_service_methods.py::TestWompiServicePaymentMethods::test_get_payment_methods_no_methods_configured PASSED [ 94%]
tests/integration/test_wompi_service_methods.py::TestWompiServicePaymentMethods::test_get_payment_methods_invalid_response PASSED [ 94%]
tests/integration/test_wompi_service_methods.py::TestWompiServicePaymentMethods::test_get_payment_methods_network_error PASSED [ 94%]
tests/integration/test_wompi_service_methods.py::TestWompiServicePaymentMethods::test_get_payment_methods_other_methods PASSED [ 94%]
tests/integration/test_wompi_service_methods.py::TestWompiServiceHealthCheck::test_health_check_all_healthy PASSED [ 94%]
tests/integration/test_wompi_service_methods.py::TestWompiServiceHealthCheck::test_health_check_authentication_failure PASSED [ 94%]
tests/integration/test_wompi_service_methods.py::TestWompiServiceHealthCheck::test_health_check_network_failure PASSED [ 95%]
tests/integration/test_wompi_service_methods.py::TestWompiServiceHealthCheck::test_health_check_invalid_configuration PASSED [ 95%]
tests/integration/test_wompi_service_methods.py::TestWompiServiceHealthCheck::test_health_check_payment_methods_failure PASSED [ 95%]
tests/integration/test_wompi_service_methods.py::TestWompiServiceHealthCheck::test_health_check_circuit_breaker_open PASSED [ 95%]
tests/integration/test_wompi_service_methods.py::TestWompiServiceHealthCheck::test_health_check_unexpected_error PASSED [ 95%]
tests/integration/test_wompi_service_methods.py::TestWompiServiceIntegration::test_all_methods_work_together PASSED [ 95%]
tests/integration/test_wompi_service_methods.py::TestWompiServiceIntegration::test_error_propagation_consistency PASSED [ 95%]
tests/integration/workflow/test_discrepancy_reports_system.py::test_models_import PASSED [ 95%]
tests/integration/workflow/test_discrepancy_reports_system.py::test_schemas_import PASSED [ 96%]
tests/integration/workflow/test_discrepancy_reports_system.py::test_service_import PASSED [ 96%]
tests/integration/workflow/test_discrepancy_reports_system.py::test_endpoints_import PASSED [ 96%]
tests/integration/workflow/test_discrepancy_reports_system.py::test_model_creation PASSED [ 96%]
tests/integration/workflow/test_discrepancy_reports_system.py::test_model_serialization PASSED [ 96%]
tests/integration/workflow/test_discrepancy_reports_system.py::test_enum_values PASSED [ 96%]
tests/integration/workflow/test_discrepancy_reports_system.py::test_ui_integration PASSED [ 96%]
tests/integration/workflow/test_discrepancy_reports_system.py::test_schema_validation PASSED [ 96%]
tests/integration/workflow/test_discrepancy_reports_system.py::test_file_structure PASSED [ 97%]
tests/integration/workflow/test_e2e_production_readiness.py::TestE2EProductionReadiness::test_vendor_complete_journey PASSED [ 97%]
tests/integration/workflow/test_e2e_production_readiness.py::TestE2EProductionReadiness::test_customer_complete_journey PASSED [ 97%]
tests/integration/workflow/test_e2e_production_readiness.py::TestE2EProductionReadiness::test_admin_management_journey PASSED [ 97%]
tests/integration/workflow/test_e2e_production_readiness.py::TestE2EProductionReadiness::test_security_validation_suite PASSED [ 97%]
tests/integration/workflow/test_e2e_production_readiness.py::TestE2EProductionReadiness::test_performance_validation PASSED [ 97%]
tests/integration/workflow/test_e2e_production_readiness.py::TestE2EProductionReadiness::test_system_health_validation PASSED [ 97%]
tests/integration/workflow/test_e2e_production_readiness.py::TestE2EProductionReadiness::test_generate_production_readiness_certification PASSED [ 98%]
tests/integration/workflow/test_rollback_definitivo.py::test_final_rollback PASSED [ 98%]
tests/integration/workflow/test_workflow_fixed.py::TestWorkflowEndpoint::test_workflow_endpoint_with_valid_product PASSED [ 98%]
tests/integration/workflow/test_workflow_fixed.py::TestWorkflowEndpoint::test_workflow_endpoint_product_not_found PASSED [ 98%]
tests/integration/workflow/test_workflow_fixed.py::TestWorkflowEndpoint::test_workflow_endpoint_unauthorized_without_token PASSED [ 98%]
tests/integration/workflow/test_workflow_fixed.py::TestWorkflowEndpoint::test_workflow_endpoint_forbidden_for_non_admin PASSED [ 98%]
tests/integration/workflow/test_workflow_fixed.py::TestWorkflowEndpoint::test_workflow_endpoint_with_different_verification_statuses PASSED [ 98%]
tests/integration/workflow/test_workflow_fixed.py::TestWorkflowEndpoint::test_workflow_endpoint_with_assigned_product PASSED [ 98%]
tests/integration/workflow/test_workflow_fixed.py::TestWorkflowDatabaseOperations::test_create_and_retrieve_queue_item PASSED [ 99%]
tests/integration/workflow/test_workflow_fixed.py::TestWorkflowDatabaseOperations::test_queue_item_status_transitions PASSED [ 99%]
tests/integration/workflows/test_user_journeys.py::TestUserJourneys::test_comprehensive_user_journeys PASSED [ 99%]
tests/integration/workflows/test_user_journeys.py::TestUserJourneys::test_buyer_complete_journey PASSED [ 99%]
tests/integration/workflows/test_user_journeys.py::TestUserJourneys::test_vendor_complete_journey PASSED [ 99%]
tests/integration/workflows/test_user_journeys.py::TestUserJourneys::test_admin_management_journey PASSED [ 99%]
tests/integration/workflows/test_user_journeys.py::TestUserJourneys::test_error_recovery_workflows PASSED [ 99%]
tests/integration/workflows/test_user_journeys.py::TestUserJourneys::test_performance_under_load PASSED [100%]Removed temporary database: /tmp/tmpxhh28moc.db


============================= slowest 10 durations =============================
9.90s call     tests/integration/test_admin_approval_processes_red.py::TestRejectionHistoryAnalyticsRed::test_rejection_summary_performance_success
7.12s call     tests/integration/test_wompi_service_methods.py::TestWompiServiceIntegration::test_error_propagation_consistency
4.01s call     tests/integration/admin_management/test_admin_session_integration.py::TestAdminSessionIntegration::test_session_timeout_with_cache_invalidation_integration
3.03s call     tests/integration/admin_management/test_admin_service_integration.py::TestAdminServiceIntegration::test_permission_expiry_with_background_task_integration
3.01s call     tests/integration/system/test_exception_handler.py::test_exception_handler
2.99s call     tests/integration/workflows/test_user_journeys.py::TestUserJourneys::test_comprehensive_user_journeys
2.61s call     tests/integration/test_wompi_service_methods.py::TestWompiServiceHealthCheck::test_health_check_network_failure
2.52s call     tests/integration/test_wompi_service_methods.py::TestWompiServicePaymentMethods::test_get_payment_methods_network_error
2.48s call     tests/integration/test_admin_verification_workflows_red.py::TestWorkflowPerformanceIntegrationRed::test_bulk_photo_processing_performance_failure
2.41s call     tests/integration/workflow/test_e2e_production_readiness.py::TestE2EProductionReadiness::test_performance_validation
=========== 756 passed, 6 skipped, 49 warnings in 137.12s (0:02:17) ============
